# JRE version: Java(TM) SE Runtime Environment (8.0_60-b27) (build 1.8.0_60-b27)
# Java VM: Java HotSpot(TM) Client VM (25.60-b23 mixed mode windows-x86 )
Heap:
 def new generation   total 28096K, used 22482K [0x05600000, 0x07470000, 0x0ab50000)
  eden space 25024K,  83% used [0x05600000, 0x06a6d7a8, 0x06e70000)
  from space 3072K,  50% used [0x07170000, 0x072f7360, 0x07470000)
  to   space 3072K,   0% used [0x06e70000, 0x06e70000, 0x07170000)
 tenured generation   total 62240K, used 40641K [0x0ab50000, 0x0e818000, 0x15600000)
   the space 62240K,  65% used [0x0ab50000, 0x0d300488, 0x0d300600, 0x0e818000)
 Metaspace       used 38126K, capacity 38478K, committed 38784K, reserved 39296K
GC Heap History (10 events):
Event: 114.930 GC heap before
{Heap before GC invocations=204 (full 5):
 def new generation   total 28096K, used 27149K [0x05600000, 0x07470000, 0x0ab50000)
  eden space 25024K, 100% used [0x05600000, 0x06e70000, 0x06e70000)
  from space 3072K,  69% used [0x06e70000, 0x07083540, 0x07170000)
  to   space 3072K,   0% used [0x07170000, 0x07170000, 0x07470000)
 tenured generation   total 62240K, used 38658K [0x0ab50000, 0x0e818000, 0x15600000)
   the space 62240K,  62% used [0x0ab50000, 0x0d110ba8, 0x0d110c00, 0x0e818000)
 Metaspace       used 37223K, capacity 37548K, committed 37760K, reserved 38272K
Event: 114.937 GC heap after
Heap after GC invocations=205 (full 5):
 def new generation   total 28096K, used 1767K [0x05600000, 0x07470000, 0x0ab50000)
  eden space 25024K,   0% used [0x05600000, 0x05600000, 0x06e70000)
  from space 3072K,  57% used [0x07170000, 0x07329d58, 0x07470000)
  to   space 3072K,   0% used [0x06e70000, 0x06e70000, 0x07170000)
 tenured generation   total 62240K, used 39269K [0x0ab50000, 0x0e818000, 0x15600000)
   the space 62240K,  63% used [0x0ab50000, 0x0d1a95d8, 0x0d1a9600, 0x0e818000)
 Metaspace       used 37223K, capacity 37548K, committed 37760K, reserved 38272K
}
Event: 115.035 GC heap before
{Heap before GC invocations=205 (full 5):
 def new generation   total 28096K, used 26791K [0x05600000, 0x07470000, 0x0ab50000)
  eden space 25024K, 100% used [0x05600000, 0x06e70000, 0x06e70000)
  from space 3072K,  57% used [0x07170000, 0x07329d58, 0x07470000)
  to   space 3072K,   0% used [0x06e70000, 0x06e70000, 0x07170000)
 tenured generation   total 62240K, used 39269K [0x0ab50000, 0x0e818000, 0x15600000)
   the space 62240K,  63% used [0x0ab50000, 0x0d1a95d8, 0x0d1a9600, 0x0e818000)
 Metaspace       used 37223K, capacity 37548K, committed 37760K, reserved 38272K
Event: 115.040 GC heap after
Heap after GC invocations=206 (full 5):
 def new generation   total 28096K, used 1289K [0x05600000, 0x07470000, 0x0ab50000)
  eden space 25024K,   0% used [0x05600000, 0x05600000, 0x06e70000)
  from space 3072K,  41% used [0x06e70000, 0x06fb2698, 0x07170000)
  to   space 3072K,   0% used [0x07170000, 0x07170000, 0x07470000)
 tenured generation   total 62240K, used 39712K [0x0ab50000, 0x0e818000, 0x15600000)
   the space 62240K,  63% used [0x0ab50000, 0x0d2181a0, 0x0d218200, 0x0e818000)
 Metaspace       used 37223K, capacity 37548K, committed 37760K, reserved 38272K
}
Event: 115.241 GC heap before
{Heap before GC invocations=206 (full 5):
 def new generation   total 28096K, used 26313K [0x05600000, 0x07470000, 0x0ab50000)
  eden space 25024K, 100% used [0x05600000, 0x06e70000, 0x06e70000)
  from space 3072K,  41% used [0x06e70000, 0x06fb2698, 0x07170000)
  to   space 3072K,   0% used [0x07170000, 0x07170000, 0x07470000)
 tenured generation   total 62240K, used 39712K [0x0ab50000, 0x0e818000, 0x15600000)
   the space 62240K,  63% used [0x0ab50000, 0x0d2181a0, 0x0d218200, 0x0e818000)
 Metaspace       used 37229K, capacity 37548K, committed 37760K, reserved 38272K
Event: 115.246 GC heap after
Heap after GC invocations=207 (full 5):
 def new generation   total 28096K, used 2071K [0x05600000, 0x07470000, 0x0ab50000)
  eden space 25024K,   0% used [0x05600000, 0x05600000, 0x06e70000)
  from space 3072K,  67% used [0x07170000, 0x07375e30, 0x07470000)
  to   space 3072K,   0% used [0x06e70000, 0x06e70000, 0x07170000)
 tenured generation   total 62240K, used 39712K [0x0ab50000, 0x0e818000, 0x15600000)
   the space 62240K,  63% used [0x0ab50000, 0x0d2181a0, 0x0d218200, 0x0e818000)
 Metaspace       used 37229K, capacity 37548K, committed 37760K, reserved 38272K
}
Event: 116.405 GC heap before
{Heap before GC invocations=207 (full 5):
 def new generation   total 28096K, used 27095K [0x05600000, 0x07470000, 0x0ab50000)
  eden space 25024K, 100% used [0x05600000, 0x06e70000, 0x06e70000)
  from space 3072K,  67% used [0x07170000, 0x07375e30, 0x07470000)
  to   space 3072K,   0% used [0x06e70000, 0x06e70000, 0x07170000)
 tenured generation   total 62240K, used 39712K [0x0ab50000, 0x0e818000, 0x15600000)
   the space 62240K,  63% used [0x0ab50000, 0x0d2181a0, 0x0d218200, 0x0e818000)
 Metaspace       used 37330K, capacity 37669K, committed 37888K, reserved 38272K
Event: 116.413 GC heap after
Heap after GC invocations=208 (full 5):
 def new generation   total 28096K, used 1497K [0x05600000, 0x07470000, 0x0ab50000)
  eden space 25024K,   0% used [0x05600000, 0x05600000, 0x06e70000)
  from space 3072K,  48% used [0x06e70000, 0x06fe6428, 0x07170000)
  to   space 3072K,   0% used [0x07170000, 0x07170000, 0x07470000)
 tenured generation   total 62240K, used 40641K [0x0ab50000, 0x0e818000, 0x15600000)
   the space 62240K,  65% used [0x0ab50000, 0x0d300488, 0x0d300600, 0x0e818000)
 Metaspace       used 37330K, capacity 37669K, committed 37888K, reserved 38272K
}
Event: 117.562 GC heap before
{Heap before GC invocations=208 (full 5):
 def new generation   total 28096K, used 26521K [0x05600000, 0x07470000, 0x0ab50000)
  eden space 25024K, 100% used [0x05600000, 0x06e70000, 0x06e70000)
  from space 3072K,  48% used [0x06e70000, 0x06fe6428, 0x07170000)
  to   space 3072K,   0% used [0x07170000, 0x07170000, 0x07470000)
 tenured generation   total 62240K, used 40641K [0x0ab50000, 0x0e818000, 0x15600000)
   the space 62240K,  65% used [0x0ab50000, 0x0d300488, 0x0d300600, 0x0e818000)
 Metaspace       used 37670K, capacity 38021K, committed 38272K, reserved 38272K
Event: 117.568 GC heap after
Heap after GC invocations=209 (full 5):
 def new generation   total 28096K, used 1564K [0x05600000, 0x07470000, 0x0ab50000)
  eden space 25024K,   0% used [0x05600000, 0x05600000, 0x06e70000)
  from space 3072K,  50% used [0x07170000, 0x072f7360, 0x07470000)
  to   space 3072K,   0% used [0x06e70000, 0x06e70000, 0x07170000)
 tenured generation   total 62240K, used 40641K [0x0ab50000, 0x0e818000, 0x15600000)
   the space 62240K,  65% used [0x0ab50000, 0x0d300488, 0x0d300600, 0x0e818000)
 Metaspace       used 37670K, capacity 38021K, committed 38272K, reserved 38272K
}

